2025-10-02 15:22:23,132 - WARNING - TELEGRAM_BOT_TOKEN не установлен
2025-10-02 15:24:18,740 - INFO - Бот подключен: pin-kod
2025-10-02 15:24:21,576 - INFO - Настройки Telegram сохранены в .env
2025-10-02 15:24:21,577 - WARNING - TELEGRAM_BOT_TOKEN не установлен
2025-10-02 15:24:23,249 - WARNING - TELEGRAM_BOT_TOKEN не установлен
2025-10-02 15:24:26,528 - WARNING - TELEGRAM_BOT_TOKEN не установлен
2025-10-02 15:24:40,475 - INFO - Бот подключен: pin-kod
2025-10-02 15:24:43,290 - WARNING - TELEGRAM_BOT_TOKEN не установлен
2025-10-02 15:25:10,093 - INFO - Бот подключен: pin-kod
2025-10-02 15:25:17,111 - INFO - Бот подключен: pin-kod
2025-10-02 15:25:21,599 - INFO - Бот подключен: pin-kod
2025-10-02 15:25:42,602 - INFO - Бот подключен: pin-kod
2025-10-02 15:25:42,607 - INFO - Отправка файла в Telegram: C:\vt\local-telegram-archive-documents\Документы архива\Исполнители\dcdc\2025-09-13_001.pdf
2025-10-02 15:25:44,159 - INFO - Файл успешно загружен в Telegram, message_id: 22
2025-10-02 15:25:44,164 - INFO - Документ загружен в Telegram (message_id: 22)
2025-10-02 15:25:44,165 - INFO - ✅ Документ успешно загружен в Telegram: 2025-09-13_001.pdf
2025-10-02 15:37:45,431 - INFO - Бот подключен: pin-kod
2025-10-02 15:38:18,252 - INFO - Бот подключен: pin-kod
2025-10-02 15:38:27,086 - INFO - Бот подключен: pin-kod
2025-10-02 15:38:28,605 - INFO - Бот подключен: pin-kod
2025-10-02 15:38:38,768 - INFO - Бот подключен: pin-kod
2025-10-02 15:38:38,773 - INFO - Отправка файла в Telegram: C:\vt\local-telegram-archive-documents\Документы архива\Исполнители\dcdc\Отчёт (3) (3).pdf
2025-10-02 15:38:40,999 - INFO - Файл успешно загружен в Telegram, message_id: 23
2025-10-02 15:38:41,000 - INFO - Документ загружен в Telegram (message_id: 23)
2025-10-02 15:38:41,000 - INFO - ✅ Документ успешно загружен в Telegram: Отчёт (3) (3).pdf
2025-10-02 15:38:47,186 - INFO - Бот подключен: pin-kod
2025-10-02 15:39:22,276 - INFO - Настройки Telegram сохранены в .env
2025-10-02 15:39:22,708 - INFO - Бот подключен: pin-kod
2025-10-02 15:39:24,164 - INFO - Бот подключен: pin-kod
2025-10-02 15:51:57,585 - INFO - Бот подключен: pin-kod
2025-10-02 15:52:02,187 - INFO - Бот подключен: pin-kod
2025-10-02 15:52:05,240 - INFO - Бот подключен: pin-kod
2025-10-02 15:52:23,170 - INFO - Бот подключен: pin-kod
2025-10-02 15:52:23,175 - INFO - Отправка файла в Telegram: C:\vt\local-telegram-archive-documents\Документы архива\Исполнители\dcdc\Титульник (1).pdf
2025-10-02 15:52:24,409 - INFO - Файл успешно загружен в Telegram, message_id: 24
2025-10-02 15:52:24,410 - INFO - Документ загружен в Telegram (message_id: 24)
2025-10-02 15:52:24,411 - INFO - ✅ Документ успешно загружен в Telegram: Титульник (1).pdf
2025-10-02 15:52:29,597 - INFO - Бот подключен: pin-kod
2025-10-02 16:14:46,930 - INFO - Бот подключен: pin-kod
2025-10-02 16:14:52,770 - INFO - Бот подключен: pin-kod
2025-10-02 16:15:10,494 - INFO - Бот подключен: pin-kod
2025-10-02 16:15:10,499 - INFO - Отправка файла в Telegram: C:\vt\local-telegram-archive-documents\Документы архива\Исполнители\dcdc\Отчёт (3) (3).pdf
2025-10-02 16:15:11,638 - INFO - Файл успешно загружен в Telegram, message_id: 25
2025-10-02 16:15:11,640 - INFO - Документ загружен в Telegram (message_id: 25)
2025-10-02 16:15:11,640 - INFO - ✅ Документ успешно загружен в Telegram: Отчёт (3) (3).pdf
2025-10-02 16:16:11,151 - INFO - Бот подключен: pin-kod
2025-10-02 16:16:27,291 - INFO - Бот подключен: pin-kod
2025-10-02 16:16:37,157 - INFO - Бот подключен: pin-kod
2025-10-02 16:17:19,057 - INFO - Бот подключен: pin-kod
2025-10-02 16:17:21,912 - INFO - Бот подключен: pin-kod
2025-10-02 16:18:52,436 - INFO - Бот подключен: pin-kod
2025-10-02 16:18:55,383 - INFO - Бот подключен: pin-kod
2025-10-02 16:19:08,738 - INFO - Бот подключен: pin-kod
2025-10-02 16:19:08,743 - INFO - Отправка файла в Telegram: C:\vt\local-telegram-archive-documents\Документы архива\Входящее\рравпвап\Отчёт (3) (2).pdf
2025-10-02 16:19:10,842 - INFO - Файл успешно загружен в Telegram, message_id: 26
2025-10-02 16:19:10,847 - INFO - Документ загружен в Telegram (message_id: 26)
2025-10-02 16:19:10,848 - INFO - ✅ Документ успешно загружен в Telegram: Отчёт (3) (2).pdf
2025-10-02 16:22:47,652 - INFO - Бот подключен: pin-kod
2025-10-02 16:22:54,365 - INFO - Бот подключен: pin-kod
2025-10-02 16:22:56,296 - INFO - Бот подключен: pin-kod
2025-10-02 16:23:12,982 - INFO - Бот подключен: pin-kod
2025-10-02 16:23:12,987 - INFO - Отправка файла в Telegram: C:\vt\local-telegram-archive-documents\Документы архива\Исходящие документы\567890\Договор Колесноков А.В. (1)-1.pdf
2025-10-02 16:23:14,003 - INFO - Файл успешно загружен в Telegram, message_id: 27
2025-10-02 16:23:14,005 - INFO - Документ загружен в Telegram (message_id: 27)
2025-10-02 16:23:14,005 - INFO - ✅ Документ успешно загружен в Telegram: Договор Колесноков А.В. (1)-1.pdf
2025-10-02 16:23:44,298 - INFO - Бот подключен: pin-kod
2025-10-02 16:23:46,797 - INFO - Бот подключен: pin-kod
2025-10-02 16:23:48,213 - INFO - Бот подключен: pin-kod
2025-10-02 16:23:54,301 - INFO - Бот подключен: pin-kod
2025-10-02 16:23:54,306 - INFO - Отправка файла в Telegram: C:\vt\local-telegram-archive-documents\Документы архива\Исходящие документы\567890\requirements.txt
2025-10-02 16:23:54,808 - INFO - Файл успешно загружен в Telegram, message_id: 28
2025-10-02 16:23:54,813 - INFO - Документ загружен в Telegram (message_id: 28)
2025-10-02 16:23:54,814 - INFO - ✅ Документ успешно загружен в Telegram: requirements.txt
2025-10-02 16:27:14,316 - INFO - Бот подключен: pin-kod
2025-10-02 16:27:36,407 - INFO - Бот подключен: pin-kod
2025-10-02 16:28:10,213 - INFO - Бот подключен: pin-kod
2025-10-02 16:31:13,317 - INFO - Бот подключен: pin-kod
2025-10-02 16:31:26,163 - INFO - Бот подключен: pin-kod
2025-10-02 16:31:26,169 - INFO - Отправка файла в Telegram: C:\vt\local-telegram-archive-documents\Документы архива\Входящие документы\456789\Отчёт (3) (2).pdf
2025-10-02 16:31:27,264 - INFO - Файл успешно загружен в Telegram, message_id: 29
2025-10-02 16:31:27,267 - INFO - Документ загружен в Telegram (message_id: 29)
2025-10-02 16:31:27,267 - INFO - ✅ Документ успешно загружен в Telegram: Отчёт (3) (2).pdf
2025-10-02 16:31:40,931 - INFO - Бот подключен: pin-kod
2025-10-02 16:31:42,790 - INFO - Бот подключен: pin-kod
2025-10-02 16:32:46,790 - INFO - Бот подключен: pin-kod
2025-10-02 16:34:33,146 - INFO - Бот подключен: pin-kod
2025-10-02 16:35:04,919 - INFO - Бот подключен: pin-kod
2025-10-02 16:35:50,327 - INFO - Бот подключен: pin-kod
2025-10-02 16:38:45,540 - INFO - Бот подключен: pin-kod
